<?xml version="1.0" encoding="UTF-8"?>
<robot generator="Robot 3.2.2 (Python 3.8.5 on win32)" generated="20200920 16:59:53.764" rpa="false">
<suite id="s1" name="Signup" source="C:\Users\QA\PycharmProjects\pythonProject\Test\Signup.robot">
<test id="s1-t1" name="Test DemoBlaze Project">
<kw name="Open Browser" library="SeleniumLibrary">
<doc>Opens a new browser instance to the optional ``url``.</doc>
<arguments>
<arg>${URL}</arg>
<arg>${BROWSER}</arg>
</arguments>
<msg timestamp="20200920 16:59:53.959" level="INFO">Opening browser 'chrome' to base url 'https://www.demoblaze.com'.</msg>
<status status="PASS" starttime="20200920 16:59:53.959" endtime="20200920 17:00:01.302"></status>
</kw>
<kw name="Maximize Browser Window" library="SeleniumLibrary">
<doc>Maximizes current browser window.</doc>
<status status="PASS" starttime="20200920 17:00:01.303" endtime="20200920 17:00:03.478"></status>
</kw>
<kw name="Signup Process">
<kw name="Click Element" library="SeleniumLibrary">
<doc>Click the element identified by ``locator``.</doc>
<arguments>
<arg>xpath=//a[@id="signin2"]</arg>
</arguments>
<msg timestamp="20200920 17:00:03.479" level="INFO">Clicking element 'xpath=//a[@id="signin2"]'.</msg>
<status status="PASS" starttime="20200920 17:00:03.479" endtime="20200920 17:00:03.524"></status>
</kw>
<kw name="Sleep" library="BuiltIn">
<doc>Pauses the test executed for the given time.</doc>
<arguments>
<arg>1s</arg>
</arguments>
<msg timestamp="20200920 17:00:04.533" level="INFO">Slept 1 second</msg>
<status status="PASS" starttime="20200920 17:00:03.524" endtime="20200920 17:00:04.533"></status>
</kw>
<kw name="Input Text" library="SeleniumLibrary">
<doc>Types the given ``text`` into the text field identified by ``locator``.</doc>
<arguments>
<arg>xpath=//input[@id="sign-username"]</arg>
<arg>${USER}</arg>
</arguments>
<msg timestamp="20200920 17:00:04.533" level="INFO">Typing text 'nayeem@jhgjkhdfg434.com' into text field 'xpath=//input[@id="sign-username"]'.</msg>
<status status="PASS" starttime="20200920 17:00:04.533" endtime="20200920 17:00:04.618"></status>
</kw>
<kw name="Input Text" library="SeleniumLibrary">
<doc>Types the given ``text`` into the text field identified by ``locator``.</doc>
<arguments>
<arg>xpath=//input[@id="sign-password"]</arg>
<arg>${PASS}</arg>
</arguments>
<msg timestamp="20200920 17:00:04.619" level="INFO">Typing text 'Payza123@' into text field 'xpath=//input[@id="sign-password"]'.</msg>
<status status="PASS" starttime="20200920 17:00:04.618" endtime="20200920 17:00:04.693"></status>
</kw>
<kw name="Click Button" library="SeleniumLibrary">
<doc>Clicks the button identified by ``locator``.</doc>
<arguments>
<arg>xpath=//button[contains(text(),"Sign up")]</arg>
</arguments>
<msg timestamp="20200920 17:00:04.693" level="INFO">Clicking button 'xpath=//button[contains(text(),"Sign up")]'.</msg>
<status status="PASS" starttime="20200920 17:00:04.693" endtime="20200920 17:00:04.753"></status>
</kw>
<kw name="Alert Should Be Present" library="SeleniumLibrary">
<doc>Verifies that an alert is present and by default, accepts it.</doc>
<arguments>
<arg>Sign up successful.</arg>
</arguments>
<status status="PASS" starttime="20200920 17:00:04.753" endtime="20200920 17:00:05.772"></status>
</kw>
<kw name="Sleep" library="BuiltIn">
<doc>Pauses the test executed for the given time.</doc>
<arguments>
<arg>2s</arg>
</arguments>
<msg timestamp="20200920 17:00:07.779" level="INFO">Slept 2 seconds</msg>
<status status="PASS" starttime="20200920 17:00:05.772" endtime="20200920 17:00:07.780"></status>
</kw>
<status status="PASS" starttime="20200920 17:00:03.478" endtime="20200920 17:00:07.780"></status>
</kw>
<kw name="Login Process">
<kw name="Click Element" library="SeleniumLibrary">
<doc>Click the element identified by ``locator``.</doc>
<arguments>
<arg>xpath=//a[@id="login2"]</arg>
</arguments>
<msg timestamp="20200920 17:00:07.781" level="INFO">Clicking element 'xpath=//a[@id="login2"]'.</msg>
<status status="PASS" starttime="20200920 17:00:07.781" endtime="20200920 17:00:07.833"></status>
</kw>
<kw name="Sleep" library="BuiltIn">
<doc>Pauses the test executed for the given time.</doc>
<arguments>
<arg>1s</arg>
</arguments>
<msg timestamp="20200920 17:00:08.844" level="INFO">Slept 1 second</msg>
<status status="PASS" starttime="20200920 17:00:07.834" endtime="20200920 17:00:08.844"></status>
</kw>
<kw name="Input Text" library="SeleniumLibrary">
<doc>Types the given ``text`` into the text field identified by ``locator``.</doc>
<arguments>
<arg>xpath=//input[@id="loginusername"]</arg>
<arg>nayeem@f.com</arg>
</arguments>
<msg timestamp="20200920 17:00:08.844" level="INFO">Typing text 'nayeem@f.com' into text field 'xpath=//input[@id="loginusername"]'.</msg>
<status status="PASS" starttime="20200920 17:00:08.844" endtime="20200920 17:00:08.944"></status>
</kw>
<kw name="Input Text" library="SeleniumLibrary">
<doc>Types the given ``text`` into the text field identified by ``locator``.</doc>
<arguments>
<arg>xpath=//input[@id="loginpassword"]</arg>
<arg>${PASS}</arg>
</arguments>
<msg timestamp="20200920 17:00:08.945" level="INFO">Typing text 'Payza123@' into text field 'xpath=//input[@id="loginpassword"]'.</msg>
<status status="PASS" starttime="20200920 17:00:08.944" endtime="20200920 17:00:09.029"></status>
</kw>
<kw name="Click Button" library="SeleniumLibrary">
<doc>Clicks the button identified by ``locator``.</doc>
<arguments>
<arg>xpath=//button[contains(text(),"Log in")]</arg>
</arguments>
<msg timestamp="20200920 17:00:09.030" level="INFO">Clicking button 'xpath=//button[contains(text(),"Log in")]'.</msg>
<status status="PASS" starttime="20200920 17:00:09.030" endtime="20200920 17:00:09.095"></status>
</kw>
<kw name="Wait Until Page Contains" library="SeleniumLibrary">
<doc>Waits until ``text`` appears on the current page.</doc>
<arguments>
<arg>Welcome nayeem@f.com</arg>
</arguments>
<status status="PASS" starttime="20200920 17:00:09.095" endtime="20200920 17:00:11.915"></status>
</kw>
<kw name="Element Should Contain" library="SeleniumLibrary">
<doc>Verifies that element ``locator`` contains text ``expected``.</doc>
<arguments>
<arg>xpath=//a[contains(text(), "Welcome nayeem@f.com")]</arg>
<arg>Welcome nayeem@f.com</arg>
</arguments>
<msg timestamp="20200920 17:00:11.940" level="INFO">Element 'xpath=//a[contains(text(), "Welcome nayeem@f.com")]' contains text 'Welcome nayeem@f.com'.</msg>
<status status="PASS" starttime="20200920 17:00:11.915" endtime="20200920 17:00:11.940"></status>
</kw>
<kw name="Sleep" library="BuiltIn">
<doc>Pauses the test executed for the given time.</doc>
<arguments>
<arg>2s</arg>
</arguments>
<msg timestamp="20200920 17:00:13.951" level="INFO">Slept 2 seconds</msg>
<status status="PASS" starttime="20200920 17:00:11.940" endtime="20200920 17:00:13.951"></status>
</kw>
<status status="PASS" starttime="20200920 17:00:07.781" endtime="20200920 17:00:13.952"></status>
</kw>
<kw name="Contact Process">
<kw name="Click Element" library="SeleniumLibrary">
<doc>Click the element identified by ``locator``.</doc>
<arguments>
<arg>xpath=//a[contains(text(),"Contact")]</arg>
</arguments>
<msg timestamp="20200920 17:00:13.953" level="INFO">Clicking element 'xpath=//a[contains(text(),"Contact")]'.</msg>
<status status="PASS" starttime="20200920 17:00:13.953" endtime="20200920 17:00:14.009"></status>
</kw>
<kw name="Sleep" library="BuiltIn">
<doc>Pauses the test executed for the given time.</doc>
<arguments>
<arg>1s</arg>
</arguments>
<msg timestamp="20200920 17:00:15.024" level="INFO">Slept 1 second</msg>
<status status="PASS" starttime="20200920 17:00:14.010" endtime="20200920 17:00:15.024"></status>
</kw>
<kw name="Input Text" library="SeleniumLibrary">
<doc>Types the given ``text`` into the text field identified by ``locator``.</doc>
<arguments>
<arg>xpath=//input[@id="recipient-email"]</arg>
<arg>nayeem@yahoo.com</arg>
</arguments>
<msg timestamp="20200920 17:00:15.024" level="INFO">Typing text 'nayeem@yahoo.com' into text field 'xpath=//input[@id="recipient-email"]'.</msg>
<status status="PASS" starttime="20200920 17:00:15.024" endtime="20200920 17:00:15.157"></status>
</kw>
<kw name="Input Text" library="SeleniumLibrary">
<doc>Types the given ``text`` into the text field identified by ``locator``.</doc>
<arguments>
<arg>xpath=//input[@id="recipient-name"]</arg>
<arg>Nayeem</arg>
</arguments>
<msg timestamp="20200920 17:00:15.158" level="INFO">Typing text 'Nayeem' into text field 'xpath=//input[@id="recipient-name"]'.</msg>
<status status="PASS" starttime="20200920 17:00:15.157" endtime="20200920 17:00:15.237"></status>
</kw>
<kw name="Input Text" library="SeleniumLibrary">
<doc>Types the given ``text`` into the text field identified by ``locator``.</doc>
<arguments>
<arg>xpath=//textarea[@id="message-text"]</arg>
<arg>Hello World</arg>
</arguments>
<msg timestamp="20200920 17:00:15.237" level="INFO">Typing text 'Hello World' into text field 'xpath=//textarea[@id="message-text"]'.</msg>
<status status="PASS" starttime="20200920 17:00:15.237" endtime="20200920 17:00:15.316"></status>
</kw>
<kw name="Click Button" library="SeleniumLibrary">
<doc>Clicks the button identified by ``locator``.</doc>
<arguments>
<arg>xpath=//button[contains(text(),"Send message")]</arg>
</arguments>
<msg timestamp="20200920 17:00:15.317" level="INFO">Clicking button 'xpath=//button[contains(text(),"Send message")]'.</msg>
<status status="PASS" starttime="20200920 17:00:15.317" endtime="20200920 17:00:15.364"></status>
</kw>
<kw name="Alert Should Be Present" library="SeleniumLibrary">
<doc>Verifies that an alert is present and by default, accepts it.</doc>
<arguments>
<arg>Thanks for the message!!</arg>
</arguments>
<status status="PASS" starttime="20200920 17:00:15.365" endtime="20200920 17:00:15.369"></status>
</kw>
<kw name="Sleep" library="BuiltIn">
<doc>Pauses the test executed for the given time.</doc>
<arguments>
<arg>2s</arg>
</arguments>
<msg timestamp="20200920 17:00:17.372" level="INFO">Slept 2 seconds</msg>
<status status="PASS" starttime="20200920 17:00:15.369" endtime="20200920 17:00:17.372"></status>
</kw>
<status status="PASS" starttime="20200920 17:00:13.953" endtime="20200920 17:00:17.372"></status>
</kw>
<kw name="Add to cart and Buy product">
<kw name="Wait Until Page Contains Element" library="SeleniumLibrary">
<doc>Waits until the element ``locator`` appears on the current page.</doc>
<arguments>
<arg>xpath=//a[contains(text(),"Nokia lumia 1520")]</arg>
<arg>8s</arg>
</arguments>
<status status="PASS" starttime="20200920 17:00:17.374" endtime="20200920 17:00:17.387"></status>
</kw>
<kw name="Click Element" library="SeleniumLibrary">
<doc>Click the element identified by ``locator``.</doc>
<arguments>
<arg>xpath=//a[contains(text(),"Nokia lumia 1520")]</arg>
</arguments>
<msg timestamp="20200920 17:00:17.388" level="INFO">Clicking element 'xpath=//a[contains(text(),"Nokia lumia 1520")]'.</msg>
<status status="PASS" starttime="20200920 17:00:17.387" endtime="20200920 17:00:18.090"></status>
</kw>
<kw name="Wait Until Page Contains Element" library="SeleniumLibrary">
<doc>Waits until the element ``locator`` appears on the current page.</doc>
<arguments>
<arg>xpath=//a[contains(text(),"Add to cart")]</arg>
<arg>2s</arg>
</arguments>
<status status="PASS" starttime="20200920 17:00:18.090" endtime="20200920 17:00:18.787"></status>
</kw>
<kw name="Click Element" library="SeleniumLibrary">
<doc>Click the element identified by ``locator``.</doc>
<arguments>
<arg>xpath=//a[contains(text(),"Add to cart")]</arg>
</arguments>
<msg timestamp="20200920 17:00:18.788" level="INFO">Clicking element 'xpath=//a[contains(text(),"Add to cart")]'.</msg>
<status status="PASS" starttime="20200920 17:00:18.787" endtime="20200920 17:00:18.835"></status>
</kw>
<kw name="Alert Should Be Present" library="SeleniumLibrary">
<doc>Verifies that an alert is present and by default, accepts it.</doc>
<arguments>
<arg>Product added.</arg>
</arguments>
<status status="PASS" starttime="20200920 17:00:18.835" endtime="20200920 17:00:19.864"></status>
</kw>
<kw name="Click Element" library="SeleniumLibrary">
<doc>Click the element identified by ``locator``.</doc>
<arguments>
<arg>xpath=//a[contains(text(),"Cart")]</arg>
</arguments>
<msg timestamp="20200920 17:00:19.864" level="INFO">Clicking element 'xpath=//a[contains(text(),"Cart")]'.</msg>
<status status="PASS" starttime="20200920 17:00:19.864" endtime="20200920 17:00:20.924"></status>
</kw>
<kw name="Wait Until Page Contains Element" library="SeleniumLibrary">
<doc>Waits until the element ``locator`` appears on the current page.</doc>
<arguments>
<arg>xpath=//td[contains(text(),"Nokia lumia 1520")]</arg>
<arg>2s</arg>
</arguments>
<status status="PASS" starttime="20200920 17:00:20.924" endtime="20200920 17:00:22.452"></status>
</kw>
<kw name="Click Element" library="SeleniumLibrary">
<doc>Click the element identified by ``locator``.</doc>
<arguments>
<arg>xpath=//button[contains(text(),"Place Order")]</arg>
</arguments>
<msg timestamp="20200920 17:00:22.452" level="INFO">Clicking element 'xpath=//button[contains(text(),"Place Order")]'.</msg>
<status status="PASS" starttime="20200920 17:00:22.452" endtime="20200920 17:00:22.497"></status>
</kw>
<kw name="Sleep" library="BuiltIn">
<doc>Pauses the test executed for the given time.</doc>
<arguments>
<arg>1s</arg>
</arguments>
<msg timestamp="20200920 17:00:23.514" level="INFO">Slept 1 second</msg>
<status status="PASS" starttime="20200920 17:00:22.497" endtime="20200920 17:00:23.514"></status>
</kw>
<kw name="Input Text" library="SeleniumLibrary">
<doc>Types the given ``text`` into the text field identified by ``locator``.</doc>
<arguments>
<arg>xpath=//input[@id="name"]</arg>
<arg>Nayeem</arg>
</arguments>
<msg timestamp="20200920 17:00:23.514" level="INFO">Typing text 'Nayeem' into text field 'xpath=//input[@id="name"]'.</msg>
<status status="PASS" starttime="20200920 17:00:23.514" endtime="20200920 17:00:23.603"></status>
</kw>
<kw name="Input Text" library="SeleniumLibrary">
<doc>Types the given ``text`` into the text field identified by ``locator``.</doc>
<arguments>
<arg>xpath=//input[@id="country"]</arg>
<arg>Bangladesh</arg>
</arguments>
<msg timestamp="20200920 17:00:23.603" level="INFO">Typing text 'Bangladesh' into text field 'xpath=//input[@id="country"]'.</msg>
<status status="PASS" starttime="20200920 17:00:23.603" endtime="20200920 17:00:23.675"></status>
</kw>
<kw name="Input Text" library="SeleniumLibrary">
<doc>Types the given ``text`` into the text field identified by ``locator``.</doc>
<arguments>
<arg>xpath=//input[@id="city"]</arg>
<arg>Dhaka</arg>
</arguments>
<msg timestamp="20200920 17:00:23.675" level="INFO">Typing text 'Dhaka' into text field 'xpath=//input[@id="city"]'.</msg>
<status status="PASS" starttime="20200920 17:00:23.675" endtime="20200920 17:00:23.744"></status>
</kw>
<kw name="Input Text" library="SeleniumLibrary">
<doc>Types the given ``text`` into the text field identified by ``locator``.</doc>
<arguments>
<arg>xpath=//input[@id="card"]</arg>
<arg>1111111111</arg>
</arguments>
<msg timestamp="20200920 17:00:23.744" level="INFO">Typing text '1111111111' into text field 'xpath=//input[@id="card"]'.</msg>
<status status="PASS" starttime="20200920 17:00:23.744" endtime="20200920 17:00:23.819"></status>
</kw>
<kw name="Input Text" library="SeleniumLibrary">
<doc>Types the given ``text`` into the text field identified by ``locator``.</doc>
<arguments>
<arg>xpath=//input[@id="month"]</arg>
<arg>January</arg>
</arguments>
<msg timestamp="20200920 17:00:23.820" level="INFO">Typing text 'January' into text field 'xpath=//input[@id="month"]'.</msg>
<status status="PASS" starttime="20200920 17:00:23.819" endtime="20200920 17:00:23.891"></status>
</kw>
<kw name="Input Text" library="SeleniumLibrary">
<doc>Types the given ``text`` into the text field identified by ``locator``.</doc>
<arguments>
<arg>xpath=//input[@id="year"]</arg>
<arg>2020</arg>
</arguments>
<msg timestamp="20200920 17:00:23.891" level="INFO">Typing text '2020' into text field 'xpath=//input[@id="year"]'.</msg>
<status status="PASS" starttime="20200920 17:00:23.891" endtime="20200920 17:00:23.964"></status>
</kw>
<kw name="Click Element" library="SeleniumLibrary">
<doc>Click the element identified by ``locator``.</doc>
<arguments>
<arg>xpath=//button[contains(text(),"Purchase")]</arg>
</arguments>
<msg timestamp="20200920 17:00:23.965" level="INFO">Clicking element 'xpath=//button[contains(text(),"Purchase")]'.</msg>
<status status="PASS" starttime="20200920 17:00:23.964" endtime="20200920 17:00:24.021"></status>
</kw>
<kw name="Sleep" library="BuiltIn">
<doc>Pauses the test executed for the given time.</doc>
<arguments>
<arg>1s</arg>
</arguments>
<msg timestamp="20200920 17:00:25.026" level="INFO">Slept 1 second</msg>
<status status="PASS" starttime="20200920 17:00:24.021" endtime="20200920 17:00:25.026"></status>
</kw>
<kw name="Element Should Contain" library="SeleniumLibrary">
<doc>Verifies that element ``locator`` contains text ``expected``.</doc>
<arguments>
<arg>xpath=//h2[contains(text(), "Thank you for your purchase!")]</arg>
<arg>Thank you for your purchase!</arg>
</arguments>
<msg timestamp="20200920 17:00:25.051" level="INFO">Element 'xpath=//h2[contains(text(), "Thank you for your purchase!")]' contains text 'Thank you for your purchase!'.</msg>
<status status="PASS" starttime="20200920 17:00:25.027" endtime="20200920 17:00:25.051"></status>
</kw>
<kw name="Click Element" library="SeleniumLibrary">
<doc>Click the element identified by ``locator``.</doc>
<arguments>
<arg>xpath=//button[contains(text(),"OK")]</arg>
</arguments>
<msg timestamp="20200920 17:00:25.051" level="INFO">Clicking element 'xpath=//button[contains(text(),"OK")]'.</msg>
<status status="PASS" starttime="20200920 17:00:25.051" endtime="20200920 17:00:26.022"></status>
</kw>
<status status="PASS" starttime="20200920 17:00:17.374" endtime="20200920 17:00:26.022"></status>
</kw>
<kw name="About Us and play video">
<kw name="Sleep" library="BuiltIn">
<doc>Pauses the test executed for the given time.</doc>
<arguments>
<arg>4s</arg>
</arguments>
<msg timestamp="20200920 17:00:30.027" level="INFO">Slept 4 seconds</msg>
<status status="PASS" starttime="20200920 17:00:26.023" endtime="20200920 17:00:30.027"></status>
</kw>
<kw name="Click Element" library="SeleniumLibrary">
<doc>Click the element identified by ``locator``.</doc>
<arguments>
<arg>xpath=//a[contains(text(),"About us")]</arg>
</arguments>
<msg timestamp="20200920 17:00:30.028" level="INFO">Clicking element 'xpath=//a[contains(text(),"About us")]'.</msg>
<status status="PASS" starttime="20200920 17:00:30.027" endtime="20200920 17:00:30.076"></status>
</kw>
<kw name="Sleep" library="BuiltIn">
<doc>Pauses the test executed for the given time.</doc>
<arguments>
<arg>1s</arg>
</arguments>
<msg timestamp="20200920 17:00:31.085" level="INFO">Slept 1 second</msg>
<status status="PASS" starttime="20200920 17:00:30.076" endtime="20200920 17:00:31.085"></status>
</kw>
<kw name="Click Element" library="SeleniumLibrary">
<doc>Click the element identified by ``locator``.</doc>
<arguments>
<arg>xpath=//button[@title="Play Video"]</arg>
</arguments>
<msg timestamp="20200920 17:00:31.085" level="INFO">Clicking element 'xpath=//button[@title="Play Video"]'.</msg>
<status status="PASS" starttime="20200920 17:00:31.085" endtime="20200920 17:00:31.161"></status>
</kw>
<kw name="Sleep" library="BuiltIn">
<doc>Pauses the test executed for the given time.</doc>
<arguments>
<arg>4s</arg>
</arguments>
<msg timestamp="20200920 17:00:35.163" level="INFO">Slept 4 seconds</msg>
<status status="PASS" starttime="20200920 17:00:31.161" endtime="20200920 17:00:35.163"></status>
</kw>
<status status="PASS" starttime="20200920 17:00:26.023" endtime="20200920 17:00:35.163"></status>
</kw>
<kw name="Close Browser" library="SeleniumLibrary">
<doc>Closes the current browser.</doc>
<status status="PASS" starttime="20200920 17:00:35.164" endtime="20200920 17:00:37.304"></status>
</kw>
<status status="PASS" starttime="20200920 16:59:53.958" endtime="20200920 17:00:37.305" critical="yes"></status>
</test>
<status status="PASS" starttime="20200920 16:59:53.766" endtime="20200920 17:00:37.308"></status>
</suite>
<statistics>
<total>
<stat pass="1" fail="0">Critical Tests</stat>
<stat pass="1" fail="0">All Tests</stat>
</total>
<tag>
</tag>
<suite>
<stat pass="1" fail="0" id="s1" name="Signup">Signup</stat>
</suite>
</statistics>
<errors>
</errors>
</robot>
