<?xml version="1.0" encoding="UTF-8"?>
<robot generator="Robot 3.2.2 (Python 3.8.5 on win32)" generated="20201110 17:00:49.091" rpa="false">
<suite id="s1" name="Signup" source="C:\Users\QA\PycharmProjects\pythonProject\Walletory\Signup.robot">
<test id="s1-t1" name="Test Signup Process">
<kw name="Start Browser and Maximize" library="Resource" type="setup">
<kw name="Open Browser" library="SeleniumLibrary">
<doc>Opens a new browser instance to the optional ``url``.</doc>
<arguments>
<arg>${URL}</arg>
<arg>${BROWSER}</arg>
</arguments>
<msg timestamp="20201110 17:00:49.296" level="INFO">Opening browser 'chrome' to base url 'https://test.walletory.com/account'.</msg>
<status status="PASS" starttime="20201110 17:00:49.296" endtime="20201110 17:00:57.947"></status>
</kw>
<kw name="Maximize Browser Window" library="SeleniumLibrary">
<doc>Maximizes current browser window.</doc>
<status status="PASS" starttime="20201110 17:00:57.948" endtime="20201110 17:01:00.086"></status>
</kw>
<status status="PASS" starttime="20201110 17:00:49.296" endtime="20201110 17:01:00.086"></status>
</kw>
<kw name="Input Invalid Credential">
<kw name="Input Text" library="SeleniumLibrary">
<doc>Types the given ``text`` into the text field identified by ``locator``.</doc>
<arguments>
<arg>xpath=//input[@id="login-email"]</arg>
<arg>${VALID_MAIL}</arg>
</arguments>
<msg timestamp="20201110 17:01:00.087" level="INFO">Typing text 'nayeem1@gmail.com' into text field 'xpath=//input[@id="login-email"]'.</msg>
<status status="PASS" starttime="20201110 17:01:00.086" endtime="20201110 17:01:00.187"></status>
</kw>
<kw name="Input Text" library="SeleniumLibrary">
<doc>Types the given ``text`` into the text field identified by ``locator``.</doc>
<arguments>
<arg>xpath=//input[@id="login-pass"]</arg>
<arg>${INVALID_CON_PASS}</arg>
</arguments>
<msg timestamp="20201110 17:01:00.187" level="INFO">Typing text 'Payza@123' into text field 'xpath=//input[@id="login-pass"]'.</msg>
<status status="PASS" starttime="20201110 17:01:00.187" endtime="20201110 17:01:00.257"></status>
</kw>
<kw name="Click Element" library="SeleniumLibrary">
<doc>Click the element identified by ``locator``.</doc>
<arguments>
<arg>xpath=//button[@id="kt_login_signin_submit"]</arg>
</arguments>
<msg timestamp="20201110 17:01:00.258" level="INFO">Clicking element 'xpath=//button[@id="kt_login_signin_submit"]'.</msg>
<status status="PASS" starttime="20201110 17:01:00.258" endtime="20201110 17:01:00.313"></status>
</kw>
<kw name="Wait Until Page Contains" library="SeleniumLibrary">
<doc>Waits until ``text`` appears on the current page.</doc>
<arguments>
<arg>You have no account yet, please sign up for an account.</arg>
</arguments>
<kw name="Capture Page Screenshot" library="SeleniumLibrary">
<doc>Takes a screenshot of the current page and embeds it into a log file.</doc>
<msg timestamp="20201110 17:01:05.642" level="INFO" html="yes">&lt;/td&gt;&lt;/tr&gt;&lt;tr&gt;&lt;td colspan="3"&gt;&lt;a href="selenium-screenshot-36.png"&gt;&lt;img src="selenium-screenshot-36.png" width="800px"&gt;&lt;/a&gt;</msg>
<status status="PASS" starttime="20201110 17:01:05.321" endtime="20201110 17:01:05.642"></status>
</kw>
<msg timestamp="20201110 17:01:05.642" level="FAIL">Text 'You have no account yet, please sign up for an account.' did not appear in 5 seconds.</msg>
<status status="FAIL" starttime="20201110 17:01:00.313" endtime="20201110 17:01:05.642"></status>
</kw>
<status status="FAIL" starttime="20201110 17:01:00.086" endtime="20201110 17:01:05.644"></status>
</kw>
<status status="FAIL" starttime="20201110 17:00:49.296" endtime="20201110 17:01:05.644" critical="yes">Text 'You have no account yet, please sign up for an account.' did not appear in 5 seconds.</status>
</test>
<status status="FAIL" starttime="20201110 17:00:49.092" endtime="20201110 17:01:05.648"></status>
</suite>
<statistics>
<total>
<stat pass="0" fail="1">Critical Tests</stat>
<stat pass="0" fail="1">All Tests</stat>
</total>
<tag>
</tag>
<suite>
<stat pass="0" fail="1" id="s1" name="Signup">Signup</stat>
</suite>
</statistics>
<errors>
</errors>
</robot>
